<?xml version="1.0" encoding="UTF-8" ?>
<testsuite errors="0" tests="1" time="0.02" failures="0" name="net.esper.example.qos_sla.monitor.TestSpikeAndErrorRateMonitor">
  <properties>
    <property value="Java(TM) 2 Runtime Environment, Standard Edition" name="java.runtime.name"/>
    <property value="C:\jdk1.5.0\jre\bin" name="sun.boot.library.path"/>
    <property value="1.5.0_06-b05" name="java.vm.version"/>
    <property value="Sun Microsystems Inc." name="java.vm.vendor"/>
    <property value="http://java.sun.com/" name="java.vendor.url"/>
    <property value=";" name="path.separator"/>
    <property value="Java HotSpot(TM) Client VM" name="java.vm.name"/>
    <property value="sun.io" name="file.encoding.pkg"/>
    <property value="US" name="user.country"/>
    <property value="Service Pack 2" name="sun.os.patch.level"/>
    <property value="Java Virtual Machine Specification" name="java.vm.specification.name"/>
    <property value="C:\Thomas\esper\code\esper\eg" name="user.dir"/>
    <property value="1.5.0_06-b05" name="java.runtime.version"/>
    <property value="sun.awt.Win32GraphicsEnvironment" name="java.awt.graphicsenv"/>
    <property value="C:\Thomas\esper\code\esper\eg" name="basedir"/>
    <property value="C:\jdk1.5.0\jre\lib\endorsed" name="java.endorsed.dirs"/>
    <property value="x86" name="os.arch"/>
    <property value="C:\DOCUME~1\Thomas\LOCALS~1\Temp\" name="java.io.tmpdir"/>
    <property value="
" name="line.separator"/>
    <property value="Sun Microsystems Inc." name="java.vm.specification.vendor"/>
    <property value="" name="user.variant"/>
    <property value="Windows XP" name="os.name"/>
    <property value="C:\PROGRA~1\APACHE~1\MAVEN-~1.1\bin\\..\bin\m2.conf" name="classworlds.conf"/>
    <property value="../etc/infoonly_log4j.xml" name="log4j.configuration"/>
    <property value="Cp1252" name="sun.jnu.encoding"/>
    <property value="C:\jdk1.5.0\bin;.;C:\WINDOWS\system32;C:\WINDOWS;C:\sybasease\OCS-12_5\lib3p;C:\sybasease\OCS-12_5\dll;C:\sybasease\OCS-12_5\bin;C:\sybasease\SQLRemote\dll;C:\sybasease\RPL-12_5\bin;C:\sybasease\JS-12_5\bin;C:\sybasease\ASE-12_5\dll;C:\sybasease\ASE-12_5\bin;C:\WINDOWS\system32;C:\WINDOWS;C:\WINDOWS\System32\Wbem;&quot;C:\Program Files\Hummingbird\Connectivity\7.00\Accessories\&quot;;c:\Program Files\Notedat5;C:\TIBCO\TIBRV\BIN;C:\apache-ant-1.6.2\bin;c:\program files\Sybase-1192\DLL;c:\program files\Sybase-1192\BIN;C:\Program Files\Sybase-1192\Sybase Central\win32;c:\program files\Sybase-1192\ASEP;C:\Program Files\Apache Software Foundation\maven-2.0.1\bin;C:\Program Files\Rational\ClearCase\bin;C:\Program Files\cvsnt;C:\cygwin\bin" name="java.library.path"/>
    <property value="Java Platform API Specification" name="java.specification.name"/>
    <property value="49.0" name="java.class.version"/>
    <property value="HotSpot Client Compiler" name="sun.management.compiler"/>
    <property value="5.1" name="os.version"/>
    <property value="C:\Documents and Settings\Thomas" name="user.home"/>
    <property value="America/New_York" name="user.timezone"/>
    <property value="sun.awt.windows.WPrinterJob" name="java.awt.printerjob"/>
    <property value="Cp1252" name="file.encoding"/>
    <property value="1.5" name="java.specification.version"/>
    <property value="Thomas" name="user.name"/>
    <property value="C:\PROGRA~1\APACHE~1\MAVEN-~1.1\bin\\..\core\boot\classworlds-1.1-alpha-2.jar" name="java.class.path"/>
    <property value="1.0" name="java.vm.specification.version"/>
    <property value="32" name="sun.arch.data.model"/>
    <property value="C:\jdk1.5.0\jre" name="java.home"/>
    <property value="Sun Microsystems Inc." name="java.specification.vendor"/>
    <property value="en" name="user.language"/>
    <property value="sun.awt.windows.WToolkit" name="awt.toolkit"/>
    <property value="mixed mode" name="java.vm.info"/>
    <property value="1.5.0_06" name="java.version"/>
    <property value="C:\jdk1.5.0\jre\lib\ext" name="java.ext.dirs"/>
    <property value="C:\jdk1.5.0\jre\lib\rt.jar;C:\jdk1.5.0\jre\lib\i18n.jar;C:\jdk1.5.0\jre\lib\sunrsasign.jar;C:\jdk1.5.0\jre\lib\jsse.jar;C:\jdk1.5.0\jre\lib\jce.jar;C:\jdk1.5.0\jre\lib\charsets.jar;C:\jdk1.5.0\jre\classes" name="sun.boot.class.path"/>
    <property value="Sun Microsystems Inc." name="java.vendor"/>
    <property value="C:\PROGRA~1\APACHE~1\MAVEN-~1.1\bin\\.." name="maven.home"/>
    <property value="C:\Documents and Settings\Thomas\.m2\repository" name="localRepository"/>
    <property value="\" name="file.separator"/>
    <property value="http://java.sun.com/cgi-bin/bugreport.cgi" name="java.vendor.url.bug"/>
    <property value="little" name="sun.cpu.endian"/>
    <property value="UnicodeLittle" name="sun.io.unicode.encoding"/>
    <property value="windows" name="sun.desktop"/>
    <property value="" name="sun.cpu.isalist"/>
  </properties>
  <testcase time="0.01" name="testAlert"/>
</testsuite>